2025-06-13 01:19:19,040 INFO System Monitor: Starting system monitoring...
2025-06-13 01:19:19,050 INFO CPU: Usage: 25.0%
2025-06-13 01:19:19,051 INFO Memory: Usage: 83.7%
2025-06-13 01:19:19,129 INFO System Info: Hostname: LAPTOP-6IDCVRKE
2025-06-13 01:19:19,129 INFO System Info: Operating System: Windows 11
2025-06-13 01:19:19,129 INFO System Info: Python Version: 3.12.6
2025-06-13 01:19:19,139 INFO Network: Bytes Sent: 415954190, Bytes Received: 5194270048
2025-06-13 01:19:19,139 INFO Software: Running Software:
2025-06-13 01:19:19,160 INFO Software: PID: 0, Name: System Idle Process, Username: NT AUTHORITY\SYSTEM
2025-06-13 01:19:19,172 INFO Software: PID: 4, Name: System, Username: NT AUTHORITY\SYSTEM
2025-06-13 01:19:19,186 INFO Software: PID: 188, Name: , Username: None
2025-06-13 01:19:19,202 INFO Software: PID: 208, Name: dasHost.exe, Username: None
2025-06-13 01:19:19,216 INFO Software: PID: 232, Name: Registry, Username: None
2025-06-13 01:19:19,217 INFO Software: PID: 396, Name: opera.exe, Username: LAPTOP-6IDCVRKE\Admin
2025-06-13 01:19:19,217 INFO Software: PID: 652, Name: opera.exe, Username: LAPTOP-6IDCVRKE\Admin
2025-06-13 01:19:19,230 INFO Software: PID: 704, Name: smss.exe, Username: None
2025-06-13 01:19:19,249 INFO Software: PID: 816, Name: svchost.exe, Username: None
2025-06-13 01:19:19,251 INFO Software: PID: 1036, Name: opera_crashreporter.exe, Username: LAPTOP-6IDCVRKE\Admin
2025-06-13 01:19:19,253 INFO Software: PID: 1112, Name: svchost.exe, Username: LAPTOP-6IDCVRKE\Admin
2025-06-13 01:19:19,271 INFO Software: PID: 1132, Name: csrss.exe, Username: None
2025-06-13 01:19:19,289 INFO Software: PID: 1260, Name: svchost.exe, Username: None
2025-06-13 01:19:19,305 INFO Software: PID: 1268, Name: wininit.exe, Username: None
2025-06-13 01:19:19,324 INFO Software: PID: 1276, Name: csrss.exe, Username: None
2025-06-13 01:19:19,324 INFO Software: PID: 1308, Name: opera.exe, Username: LAPTOP-6IDCVRKE\Admin
2025-06-13 01:19:19,342 INFO Software: PID: 1364, Name: winlogon.exe, Username: None
2025-06-13 01:19:19,344 INFO Software: PID: 1392, Name: Code.exe, Username: LAPTOP-6IDCVRKE\Admin
2025-06-13 01:19:19,359 INFO Software: PID: 1408, Name: svchost.exe, Username: None
2025-06-13 01:19:19,377 INFO Software: PID: 1412, Name: services.exe, Username: None
2025-06-13 01:19:19,396 INFO Software: PID: 1424, Name: LsaIso.exe, Username: None
2025-06-13 01:19:19,423 INFO Software: PID: 1440, Name: lsass.exe, Username: None
2025-06-13 01:19:19,424 INFO Software: PID: 1508, Name: bash.exe, Username: LAPTOP-6IDCVRKE\Admin
2025-06-13 01:19:19,438 INFO Software: PID: 1580, Name: svchost.exe, Username: None
2025-06-13 01:19:19,455 INFO Software: PID: 1612, Name: fontdrvhost.exe, Username: None
2025-06-13 01:19:19,478 INFO Software: PID: 1616, Name: fontdrvhost.exe, Username: None
2025-06-13 01:19:19,501 INFO Software: PID: 1704, Name: svchost.exe, Username: None
2025-06-13 01:19:19,522 INFO Software: PID: 1764, Name: svchost.exe, Username: None
2025-06-13 01:19:19,524 INFO Software: PID: 1788, Name: bash.exe, Username: LAPTOP-6IDCVRKE\Admin
2025-06-13 01:19:19,524 INFO Software: PID: 1792, Name: conhost.exe, Username: LAPTOP-6IDCVRKE\Admin
2025-06-13 01:19:19,537 INFO Software: PID: 1860, Name: dwm.exe, Username: None
2025-06-13 01:19:19,560 INFO Software: PID: 1876, Name: svchost.exe, Username: None
2025-06-13 01:19:19,578 INFO Software: PID: 1900, Name: svchost.exe, Username: None
2025-06-13 01:19:19,595 INFO Software: PID: 1944, Name: svchost.exe, Username: None
2025-06-13 01:19:19,618 INFO Software: PID: 1996, Name: svchost.exe, Username: None
2025-06-13 01:19:19,637 INFO Software: PID: 2016, Name: svchost.exe, Username: None
2025-06-13 01:19:19,655 INFO Software: PID: 2080, Name: svchost.exe, Username: None
2025-06-13 01:19:19,671 INFO Software: PID: 2100, Name: svchost.exe, Username: None
2025-06-13 01:19:19,687 INFO Software: PID: 2224, Name: svchost.exe, Username: None
2025-06-13 01:19:19,708 INFO Software: PID: 2308, Name: svchost.exe, Username: None
2025-06-13 01:19:19,709 INFO Software: PID: 2336, Name: opera.exe, Username: LAPTOP-6IDCVRKE\Admin
2025-06-13 01:19:19,712 INFO Software: PID: 2340, Name: opera.exe, Username: LAPTOP-6IDCVRKE\Admin
2025-06-13 01:19:19,731 INFO Software: PID: 2488, Name: svchost.exe, Username: None
2025-06-13 01:19:19,756 INFO Software: PID: 2496, Name: NVDisplay.Container.exe, Username: None
2025-06-13 01:19:19,775 INFO Software: PID: 2536, Name: svchost.exe, Username: None
2025-06-13 01:19:19,791 INFO Software: PID: 2556, Name: svchost.exe, Username: None
2025-06-13 01:19:19,792 INFO Software: PID: 2580, Name: msedge.exe, Username: LAPTOP-6IDCVRKE\Admin
2025-06-13 01:19:19,810 INFO Software: PID: 2684, Name: UBTService.exe, Username: None
2025-06-13 01:19:19,811 INFO Software: PID: 2724, Name: Code.exe, Username: LAPTOP-6IDCVRKE\Admin
2025-06-13 01:19:19,828 INFO Software: PID: 2736, Name: svchost.exe, Username: None
2025-06-13 01:19:19,830 INFO Software: PID: 2784, Name: Code.exe, Username: LAPTOP-6IDCVRKE\Admin
2025-06-13 01:19:19,846 INFO Software: PID: 2792, Name: svchost.exe, Username: None
2025-06-13 01:19:19,869 INFO Software: PID: 2804, Name: amdfendrsr.exe, Username: None
2025-06-13 01:19:19,886 INFO Software: PID: 2816, Name: atiesrxx.exe, Username: None
2025-06-13 01:19:19,901 INFO Software: PID: 3088, Name: atieclxx.exe, Username: None
2025-06-13 01:19:19,918 INFO Software: PID: 3104, Name: svchost.exe, Username: None
2025-06-13 01:19:19,935 INFO Software: PID: 3108, Name: svchost.exe, Username: None
2025-06-13 01:19:19,952 INFO Software: PID: 3120, Name: svchost.exe, Username: None
2025-06-13 01:19:19,954 INFO Software: PID: 3136, Name: Code.exe, Username: LAPTOP-6IDCVRKE\Admin
2025-06-13 01:19:19,970 INFO Software: PID: 3216, Name: MemCompression, Username: None
2025-06-13 01:19:19,988 INFO Software: PID: 3260, Name: svchost.exe, Username: None
2025-06-13 01:19:20,007 INFO Software: PID: 3292, Name: svchost.exe, Username: None
2025-06-13 01:19:20,030 INFO Software: PID: 3300, Name: svchost.exe, Username: None
2025-06-13 01:19:20,032 INFO Software: PID: 3316, Name: Code.exe, Username: LAPTOP-6IDCVRKE\Admin
2025-06-13 01:19:20,048 INFO Software: PID: 3392, Name: svchost.exe, Username: None
2025-06-13 01:19:20,066 INFO Software: PID: 3400, Name: svchost.exe, Username: None
2025-06-13 01:19:20,067 INFO Software: PID: 3436, Name: ShellExperienceHost.exe, Username: LAPTOP-6IDCVRKE\Admin
2025-06-13 01:19:20,090 INFO Software: PID: 3492, Name: svchost.exe, Username: None
2025-06-13 01:19:20,107 INFO Software: PID: 3532, Name: svchost.exe, Username: None
2025-06-13 01:19:20,108 INFO Software: PID: 3540, Name: opera.exe, Username: LAPTOP-6IDCVRKE\Admin
2025-06-13 01:19:20,108 INFO Software: PID: 3584, Name: opera.exe, Username: LAPTOP-6IDCVRKE\Admin
2025-06-13 01:19:20,136 INFO Software: PID: 3692, Name: svchost.exe, Username: None
2025-06-13 01:19:20,173 INFO Software: PID: 3696, Name: svchost.exe, Username: None
2025-06-13 01:19:20,204 INFO Software: PID: 3768, Name: svchost.exe, Username: None
2025-06-13 01:19:20,237 INFO Software: PID: 3840, Name: svchost.exe, Username: None
2025-06-13 01:19:20,238 INFO Software: PID: 3860, Name: Zalo.exe, Username: LAPTOP-6IDCVRKE\Admin
2025-06-13 01:19:20,239 INFO Software: PID: 3864, Name: Canva.exe, Username: LAPTOP-6IDCVRKE\Admin
2025-06-13 01:19:20,239 INFO Software: PID: 3904, Name: audiodg.exe, Username: None
2025-06-13 01:19:20,255 INFO Software: PID: 3940, Name: svchost.exe, Username: None
2025-06-13 01:19:20,283 INFO Software: PID: 4000, Name: svchost.exe, Username: None
2025-06-13 01:19:20,306 INFO Software: PID: 4132, Name: spoolsv.exe, Username: None
2025-06-13 01:19:20,323 INFO Software: PID: 4168, Name: svchost.exe, Username: None
2025-06-13 01:19:20,337 INFO Software: PID: 4180, Name: svchost.exe, Username: None
2025-06-13 01:19:20,338 INFO Software: PID: 4232, Name: RuntimeBroker.exe, Username: LAPTOP-6IDCVRKE\Admin
2025-06-13 01:19:20,356 INFO Software: PID: 4236, Name: MsMpEng.exe, Username: None
2025-06-13 01:19:20,378 INFO Software: PID: 4240, Name: svchost.exe, Username: None
2025-06-13 01:19:20,392 INFO Software: PID: 4264, Name: svchost.exe, Username: None
2025-06-13 01:19:20,409 INFO Software: PID: 4276, Name: svchost.exe, Username: None
2025-06-13 01:19:20,427 INFO Software: PID: 4404, Name: svchost.exe, Username: None
2025-06-13 01:19:20,428 INFO Software: PID: 4428, Name: Discord.exe, Username: LAPTOP-6IDCVRKE\Admin
2025-06-13 01:19:20,430 INFO Software: PID: 4480, Name: Zalo.exe, Username: LAPTOP-6IDCVRKE\Admin
2025-06-13 01:19:20,448 INFO Software: PID: 4484, Name: svchost.exe, Username: None
2025-06-13 01:19:20,466 INFO Software: PID: 4496, Name: ACCSvc.exe, Username: None
2025-06-13 01:19:20,483 INFO Software: PID: 4504, Name: svchost.exe, Username: None
2025-06-13 01:19:20,500 INFO Software: PID: 4512, Name: svchost.exe, Username: None
2025-06-13 01:19:20,517 INFO Software: PID: 4524, Name: warp-svc.exe, Username: None
2025-06-13 01:19:20,539 INFO Software: PID: 4536, Name: mDNSResponder.exe, Username: None
2025-06-13 01:19:20,553 INFO Software: PID: 4544, Name: svchost.exe, Username: None
2025-06-13 01:19:20,569 INFO Software: PID: 4560, Name: svchost.exe, Username: None
2025-06-13 01:19:20,584 INFO Software: PID: 4596, Name: FoxitPDFReaderUpdateService.exe, Username: None
2025-06-13 01:19:20,602 INFO Software: PID: 4656, Name: svchost.exe, Username: None
2025-06-13 01:19:20,616 INFO Software: PID: 4660, Name: OfficeClickToRun.exe, Username: None
2025-06-13 01:19:20,637 INFO Software: PID: 4688, Name: MpDefenderCoreService.exe, Username: None
2025-06-13 01:19:20,654 INFO Software: PID: 4696, Name: IgoAudioService_x64.exe, Username: None
2025-06-13 01:19:20,673 INFO Software: PID: 4716, Name: svchost.exe, Username: None
2025-06-13 01:19:20,690 INFO Software: PID: 4724, Name: mongod.exe, Username: None
2025-06-13 01:19:20,707 INFO Software: PID: 4768, Name: svchost.exe, Username: None
2025-06-13 01:19:20,726 INFO Software: PID: 4780, Name: mysqld.exe, Username: None
2025-06-13 01:19:20,742 INFO Software: PID: 4836, Name: svchost.exe, Username: None
2025-06-13 01:19:20,757 INFO Software: PID: 4856, Name: SMSvcHost.exe, Username: None
2025-06-13 01:19:20,758 INFO Software: PID: 4864, Name: opera.exe, Username: LAPTOP-6IDCVRKE\Admin
2025-06-13 01:19:20,776 INFO Software: PID: 4932, Name: RtkAudUService64.exe, Username: None
2025-06-13 01:19:20,797 INFO Software: PID: 4952, Name: wlanext.exe, Username: None
2025-06-13 01:19:20,814 INFO Software: PID: 4996, Name: nvcontainer.exe, Username: None
2025-06-13 01:19:20,830 INFO Software: PID: 5048, Name: sqlwriter.exe, Username: None
2025-06-13 01:19:20,845 INFO Software: PID: 5088, Name: UltraViewer_Service.exe, Username: None
2025-06-13 01:19:20,863 INFO Software: PID: 5096, Name: svchost.exe, Username: None
2025-06-13 01:19:20,878 INFO Software: PID: 5104, Name: svchost.exe, Username: None
2025-06-13 01:19:20,895 INFO Software: PID: 5112, Name: svchost.exe, Username: None
2025-06-13 01:19:20,914 INFO Software: PID: 5240, Name: svchost.exe, Username: None
2025-06-13 01:19:20,915 INFO Software: PID: 5272, Name: CodeSetup-stable-dfaf44141ea9deb3b4096f7cd6d24e00c147a4b1.exe, Username: LAPTOP-6IDCVRKE\Admin
2025-06-13 01:19:20,934 INFO Software: PID: 5332, Name: SMSvcHost.exe, Username: None
2025-06-13 01:19:20,955 INFO Software: PID: 5396, Name: wslservice.exe, Username: None
2025-06-13 01:19:20,955 INFO Software: PID: 5596, Name: Discord.exe, Username: LAPTOP-6IDCVRKE\Admin
2025-06-13 01:19:20,973 INFO Software: PID: 5780, Name: NVDisplay.Container.exe, Username: None
2025-06-13 01:19:20,974 INFO Software: PID: 6036, Name: python.exe, Username: LAPTOP-6IDCVRKE\Admin
2025-06-13 01:19:20,994 INFO Software: PID: 6040, Name: mysqld.exe, Username: None
2025-06-13 01:19:20,995 INFO Software: PID: 6088, Name: ZaloCall.exe, Username: LAPTOP-6IDCVRKE\Admin
2025-06-13 01:19:21,018 INFO Software: PID: 6208, Name: conhost.exe, Username: None
2025-06-13 01:19:21,037 INFO Software: PID: 6520, Name: svchost.exe, Username: None
2025-06-13 01:19:21,037 INFO Software: PID: 6684, Name: RuntimeBroker.exe, Username: LAPTOP-6IDCVRKE\Admin
2025-06-13 01:19:21,038 INFO Software: PID: 6852, Name: chrome.exe, Username: LAPTOP-6IDCVRKE\Admin
2025-06-13 01:19:21,056 INFO Software: PID: 6920, Name: QASvc.exe, Username: None
2025-06-13 01:19:21,073 INFO Software: PID: 6976, Name: CamUsage.exe, Username: None
2025-06-13 01:19:21,088 INFO Software: PID: 7116, Name: WmiPrvSE.exe, Username: None
2025-06-13 01:19:21,106 INFO Software: PID: 7180, Name: iGoSwServer.exe, Username: None
2025-06-13 01:19:21,124 INFO Software: PID: 7384, Name: rundll32.exe, Username: None
2025-06-13 01:19:21,125 INFO Software: PID: 7700, Name: sihost.exe, Username: LAPTOP-6IDCVRKE\Admin
2025-06-13 01:19:21,143 INFO Software: PID: 7720, Name: svchost.exe, Username: None
2025-06-13 01:19:21,143 INFO Software: PID: 7732, Name: svchost.exe, Username: LAPTOP-6IDCVRKE\Admin
2025-06-13 01:19:21,145 INFO Software: PID: 7740, Name: UserOOBEBroker.exe, Username: LAPTOP-6IDCVRKE\Admin
2025-06-13 01:19:21,146 INFO Software: PID: 7792, Name: svchost.exe, Username: LAPTOP-6IDCVRKE\Admin
2025-06-13 01:19:21,160 INFO Software: PID: 7800, Name: svchost.exe, Username: None
2025-06-13 01:19:21,162 INFO Software: PID: 7804, Name: opera.exe, Username: LAPTOP-6IDCVRKE\Admin
2025-06-13 01:19:21,180 INFO Software: PID: 7848, Name: AggregatorHost.exe, Username: None
2025-06-13 01:19:21,182 INFO Software: PID: 7868, Name: svchost.exe, Username: LAPTOP-6IDCVRKE\Admin
2025-06-13 01:19:21,183 INFO Software: PID: 7956, Name: taskhostw.exe, Username: LAPTOP-6IDCVRKE\Admin
2025-06-13 01:19:21,184 INFO Software: PID: 8092, Name: Zalo.exe, Username: LAPTOP-6IDCVRKE\Admin
2025-06-13 01:19:21,201 INFO Software: PID: 8108, Name: svchost.exe, Username: None
2025-06-13 01:19:21,203 INFO Software: PID: 8204, Name: RadeonSoftware.exe, Username: LAPTOP-6IDCVRKE\Admin
2025-06-13 01:19:21,204 INFO Software: PID: 8240, Name: AppMonitorPlugIn.exe, Username: LAPTOP-6IDCVRKE\Admin
2025-06-13 01:19:21,205 INFO Software: PID: 8412, Name: nvcontainer.exe, Username: LAPTOP-6IDCVRKE\Admin
2025-06-13 01:19:21,205 INFO Software: PID: 8468, Name: explorer.exe, Username: LAPTOP-6IDCVRKE\Admin
2025-06-13 01:19:21,232 INFO Software: PID: 8656, Name: svchost.exe, Username: None
2025-06-13 01:19:21,247 INFO Software: PID: 8676, Name: svchost.exe, Username: None
2025-06-13 01:19:21,248 INFO Software: PID: 8696, Name: Discord.exe, Username: LAPTOP-6IDCVRKE\Admin
2025-06-13 01:19:21,267 INFO Software: PID: 8868, Name: svchost.exe, Username: None
2025-06-13 01:19:21,268 INFO Software: PID: 9000, Name: NVIDIA Web Helper.exe, Username: LAPTOP-6IDCVRKE\Admin
2025-06-13 01:19:21,286 INFO Software: PID: 9092, Name: svchost.exe, Username: None
2025-06-13 01:19:21,287 INFO Software: PID: 9200, Name: Code.exe, Username: LAPTOP-6IDCVRKE\Admin
2025-06-13 01:19:21,306 INFO Software: PID: 9276, Name: QAAdminAgent.exe, Username: None
2025-06-13 01:19:21,307 INFO Software: PID: 9384, Name: QAAgent.exe, Username: LAPTOP-6IDCVRKE\Admin
2025-06-13 01:19:21,308 INFO Software: PID: 9460, Name: conhost.exe, Username: LAPTOP-6IDCVRKE\Admin
2025-06-13 01:19:21,323 INFO Software: PID: 9500, Name: svchost.exe, Username: None
2025-06-13 01:19:21,336 INFO Software: PID: 9652, Name: svchost.exe, Username: None
2025-06-13 01:19:21,337 INFO Software: PID: 9660, Name: opera.exe, Username: LAPTOP-6IDCVRKE\Admin
2025-06-13 01:19:21,338 INFO Software: PID: 9736, Name: ACCStd.exe, Username: LAPTOP-6IDCVRKE\Admin
2025-06-13 01:19:21,361 INFO Software: PID: 9748, Name: NgcIso.exe, Username: None
2025-06-13 01:19:21,362 INFO Software: PID: 9820, Name: RtkUWP.exe, Username: LAPTOP-6IDCVRKE\Admin
2025-06-13 01:19:21,362 INFO Software: PID: 9944, Name: opera.exe, Username: LAPTOP-6IDCVRKE\Admin
2025-06-13 01:19:21,363 INFO Software: PID: 9988, Name: opera.exe, Username: LAPTOP-6IDCVRKE\Admin
2025-06-13 01:19:21,363 INFO Software: PID: 10024, Name: svchost.exe, Username: LAPTOP-6IDCVRKE\Admin
2025-06-13 01:19:21,364 INFO Software: PID: 10392, Name: Code.exe, Username: LAPTOP-6IDCVRKE\Admin
2025-06-13 01:19:21,365 INFO Software: PID: 10564, Name: SearchHost.exe, Username: LAPTOP-6IDCVRKE\Admin
2025-06-13 01:19:21,365 INFO Software: PID: 10572, Name: StartMenuExperienceHost.exe, Username: LAPTOP-6IDCVRKE\Admin
2025-06-13 01:19:21,366 INFO Software: PID: 10892, Name: Widgets.exe, Username: LAPTOP-6IDCVRKE\Admin
2025-06-13 01:19:21,366 INFO Software: PID: 10912, Name: opera.exe, Username: LAPTOP-6IDCVRKE\Admin
2025-06-13 01:19:21,384 INFO Software: PID: 10920, Name: MicUsage.exe, Username: None
2025-06-13 01:19:21,386 INFO Software: PID: 10948, Name: RuntimeBroker.exe, Username: LAPTOP-6IDCVRKE\Admin
2025-06-13 01:19:21,387 INFO Software: PID: 10976, Name: svchost.exe, Username: LAPTOP-6IDCVRKE\Admin
2025-06-13 01:19:21,387 INFO Software: PID: 11084, Name: RuntimeBroker.exe, Username: LAPTOP-6IDCVRKE\Admin
2025-06-13 01:19:21,388 INFO Software: PID: 11252, Name: WidgetService.exe, Username: LAPTOP-6IDCVRKE\Admin
2025-06-13 01:19:21,388 INFO Software: PID: 11392, Name: opera.exe, Username: LAPTOP-6IDCVRKE\Admin
2025-06-13 01:19:21,388 INFO Software: PID: 11496, Name: msedgewebview2.exe, Username: LAPTOP-6IDCVRKE\Admin
2025-06-13 01:19:21,389 INFO Software: PID: 11544, Name: msedgewebview2.exe, Username: LAPTOP-6IDCVRKE\Admin
2025-06-13 01:19:21,389 INFO Software: PID: 11596, Name: ApplicationFrameHost.exe, Username: LAPTOP-6IDCVRKE\Admin
2025-06-13 01:19:21,390 INFO Software: PID: 11652, Name: msedgewebview2.exe, Username: LAPTOP-6IDCVRKE\Admin
2025-06-13 01:19:21,390 INFO Software: PID: 11776, Name: AMDRSServ.exe, Username: LAPTOP-6IDCVRKE\Admin
2025-06-13 01:19:21,391 INFO Software: PID: 12116, Name: msedgewebview2.exe, Username: LAPTOP-6IDCVRKE\Admin
2025-06-13 01:19:21,391 INFO Software: PID: 12132, Name: msedgewebview2.exe, Username: LAPTOP-6IDCVRKE\Admin
2025-06-13 01:19:21,393 INFO Software: PID: 12220, Name: msedgewebview2.exe, Username: LAPTOP-6IDCVRKE\Admin
2025-06-13 01:19:21,393 INFO Software: PID: 12320, Name: ctfmon.exe, Username: LAPTOP-6IDCVRKE\Admin
2025-06-13 01:19:21,395 INFO Software: PID: 12488, Name: LockApp.exe, Username: LAPTOP-6IDCVRKE\Admin
2025-06-13 01:19:21,396 INFO Software: PID: 12536, Name: Code.exe, Username: LAPTOP-6IDCVRKE\Admin
2025-06-13 01:19:21,412 INFO Software: PID: 12564, Name: svchost.exe, Username: None
2025-06-13 01:19:21,428 INFO Software: PID: 12876, Name: unsecapp.exe, Username: None
2025-06-13 01:19:21,429 INFO Software: PID: 12892, Name: RuntimeBroker.exe, Username: LAPTOP-6IDCVRKE\Admin
2025-06-13 01:19:21,431 INFO Software: PID: 12900, Name: ePowerButton_NB.exe, Username: LAPTOP-6IDCVRKE\Admin
2025-06-13 01:19:21,444 INFO Software: PID: 12920, Name: SearchIndexer.exe, Username: None
2025-06-13 01:19:21,445 INFO Software: PID: 13032, Name: CodeSetup-stable-dfaf44141ea9deb3b4096f7cd6d24e00c147a4b1.tmp, Username: LAPTOP-6IDCVRKE\Admin
2025-06-13 01:19:21,468 INFO Software: PID: 13052, Name: WmiPrvSE.exe, Username: None
2025-06-13 01:19:21,469 INFO Software: PID: 13128, Name: svchost.exe, Username: LAPTOP-6IDCVRKE\Admin
2025-06-13 01:19:21,486 INFO Software: PID: 13136, Name: NisSrv.exe, Username: None
2025-06-13 01:19:21,503 INFO Software: PID: 13168, Name: svchost.exe, Username: None
2025-06-13 01:19:21,504 INFO Software: PID: 13208, Name: Discord.exe, Username: LAPTOP-6IDCVRKE\Admin
2025-06-13 01:19:21,504 INFO Software: PID: 13244, Name: UniKeyNT.exe, Username: LAPTOP-6IDCVRKE\Admin
2025-06-13 01:19:21,504 INFO Software: PID: 13500, Name: chrome.exe, Username: LAPTOP-6IDCVRKE\Admin
2025-06-13 01:19:21,519 INFO Software: PID: 13580, Name: svchost.exe, Username: None
2025-06-13 01:19:21,520 INFO Software: PID: 13644, Name: Code.exe, Username: LAPTOP-6IDCVRKE\Admin
2025-06-13 01:19:21,523 INFO Software: PID: 13672, Name: TextInputHost.exe, Username: LAPTOP-6IDCVRKE\Admin
2025-06-13 01:19:21,523 INFO Software: PID: 13740, Name: WebexHost.exe, Username: LAPTOP-6IDCVRKE\Admin
2025-06-13 01:19:21,523 INFO Software: PID: 13804, Name: chrome.exe, Username: LAPTOP-6IDCVRKE\Admin
2025-06-13 01:19:21,524 INFO Software: PID: 14232, Name: RtkAudUService64.exe, Username: LAPTOP-6IDCVRKE\Admin
2025-06-13 01:19:21,524 INFO Software: PID: 14248, Name: LiveUpdateChecker.exe, Username: LAPTOP-6IDCVRKE\Admin
2025-06-13 01:19:21,524 INFO Software: PID: 14396, Name: opera.exe, Username: LAPTOP-6IDCVRKE\Admin
2025-06-13 01:19:21,544 INFO Software: PID: 14428, Name: svchost.exe, Username: None
2025-06-13 01:19:21,545 INFO Software: PID: 14440, Name: Code.exe, Username: LAPTOP-6IDCVRKE\Admin
2025-06-13 01:19:21,546 INFO Software: PID: 14492, Name: EdgeGameAssist.exe, Username: LAPTOP-6IDCVRKE\Admin
2025-06-13 01:19:21,546 INFO Software: PID: 14576, Name: Canva.exe, Username: LAPTOP-6IDCVRKE\Admin
2025-06-13 01:19:21,546 INFO Software: PID: 14580, Name: conhost.exe, Username: LAPTOP-6IDCVRKE\Admin
2025-06-13 01:19:21,547 INFO Software: PID: 14656, Name: Code.exe, Username: LAPTOP-6IDCVRKE\Admin
2025-06-13 01:19:21,547 INFO Software: PID: 14696, Name: HostAppServiceUpdater.exe, Username: LAPTOP-6IDCVRKE\Admin
2025-06-13 01:19:21,563 INFO Software: PID: 14980, Name: svchost.exe, Username: None
2025-06-13 01:19:21,579 INFO Software: PID: 15012, Name: sqlceip.exe, Username: None
2025-06-13 01:19:21,596 INFO Software: PID: 15144, Name: svchost.exe, Username: None
2025-06-13 01:19:21,613 INFO Software: PID: 15212, Name: sqlservr.exe, Username: None
2025-06-13 01:19:21,628 INFO Software: PID: 15368, Name: svchost.exe, Username: None
2025-06-13 01:19:21,643 INFO Software: PID: 15520, Name: svchost.exe, Username: None
2025-06-13 01:19:21,644 INFO Software: PID: 15748, Name: Discord.exe, Username: LAPTOP-6IDCVRKE\Admin
2025-06-13 01:19:21,645 INFO Software: PID: 16036, Name: Discord.exe, Username: LAPTOP-6IDCVRKE\Admin
2025-06-13 01:19:21,646 INFO Software: PID: 16156, Name: opera.exe, Username: LAPTOP-6IDCVRKE\Admin
2025-06-13 01:19:21,647 INFO Software: PID: 16544, Name: ZaloCap.exe, Username: LAPTOP-6IDCVRKE\Admin
2025-06-13 01:19:21,648 INFO Software: PID: 16676, Name: chrome.exe, Username: LAPTOP-6IDCVRKE\Admin
2025-06-13 01:19:21,650 INFO Software: PID: 16720, Name: Code.exe, Username: LAPTOP-6IDCVRKE\Admin
2025-06-13 01:19:21,654 INFO Software: PID: 16788, Name: Zalo.exe, Username: LAPTOP-6IDCVRKE\Admin
2025-06-13 01:19:21,654 INFO Software: PID: 17128, Name: opera.exe, Username: LAPTOP-6IDCVRKE\Admin
2025-06-13 01:19:21,656 INFO Software: PID: 17140, Name: chrome.exe, Username: LAPTOP-6IDCVRKE\Admin
2025-06-13 01:19:21,657 INFO Software: PID: 17236, Name: chrome.exe, Username: LAPTOP-6IDCVRKE\Admin
2025-06-13 01:19:21,657 INFO Software: PID: 17324, Name: bash.exe, Username: LAPTOP-6IDCVRKE\Admin
2025-06-13 01:19:21,676 INFO Software: PID: 17440, Name: svchost.exe, Username: None
2025-06-13 01:19:21,677 INFO Software: PID: 17496, Name: Code.exe, Username: LAPTOP-6IDCVRKE\Admin
2025-06-13 01:19:21,678 INFO Software: PID: 17560, Name: Zalo.exe, Username: LAPTOP-6IDCVRKE\Admin
2025-06-13 01:19:21,680 INFO Software: PID: 17584, Name: Code.exe, Username: LAPTOP-6IDCVRKE\Admin
2025-06-13 01:19:21,681 INFO Software: PID: 17644, Name: msedge.exe, Username: LAPTOP-6IDCVRKE\Admin
2025-06-13 01:19:21,683 INFO Software: PID: 17648, Name: ShellHost.exe, Username: LAPTOP-6IDCVRKE\Admin
2025-06-13 01:19:21,684 INFO Software: PID: 17656, Name: Zalo.exe, Username: LAPTOP-6IDCVRKE\Admin
2025-06-13 01:19:21,684 INFO Software: PID: 17692, Name: Code.exe, Username: LAPTOP-6IDCVRKE\Admin
2025-06-13 01:19:21,686 INFO Software: PID: 17936, Name: svchost.exe, Username: LAPTOP-6IDCVRKE\Admin
2025-06-13 01:19:21,686 INFO Software: PID: 17956, Name: opera.exe, Username: LAPTOP-6IDCVRKE\Admin
2025-06-13 01:19:21,687 INFO Software: PID: 17968, Name: Code.exe, Username: LAPTOP-6IDCVRKE\Admin
2025-06-13 01:19:21,689 INFO Software: PID: 17984, Name: bash.exe, Username: LAPTOP-6IDCVRKE\Admin
2025-06-13 01:19:21,690 INFO Software: PID: 18012, Name: chrome.exe, Username: LAPTOP-6IDCVRKE\Admin
2025-06-13 01:19:21,707 INFO Software: PID: 18040, Name: svchost.exe, Username: None
2025-06-13 01:19:21,708 INFO Software: PID: 18088, Name: Zalo.exe, Username: LAPTOP-6IDCVRKE\Admin
2025-06-13 01:19:21,710 INFO Software: PID: 18264, Name: bash.exe, Username: LAPTOP-6IDCVRKE\Admin
2025-06-13 01:19:21,710 INFO Software: PID: 18272, Name: opera.exe, Username: LAPTOP-6IDCVRKE\Admin
2025-06-13 01:19:21,712 INFO Software: PID: 18308, Name: Zalo.exe, Username: LAPTOP-6IDCVRKE\Admin
2025-06-13 01:19:21,713 INFO Software: PID: 18332, Name: dllhost.exe, Username: LAPTOP-6IDCVRKE\Admin
2025-06-13 01:19:21,714 INFO Software: PID: 18380, Name: Code.exe, Username: LAPTOP-6IDCVRKE\Admin
2025-06-13 01:19:21,715 INFO Software: PID: 18500, Name: msedge.exe, Username: LAPTOP-6IDCVRKE\Admin
2025-06-13 01:19:21,716 INFO Software: PID: 18512, Name: chrome.exe, Username: LAPTOP-6IDCVRKE\Admin
2025-06-13 01:19:21,716 INFO Software: PID: 18764, Name: chrome.exe, Username: LAPTOP-6IDCVRKE\Admin
2025-06-13 01:19:21,717 INFO Software: PID: 18908, Name: msedge.exe, Username: LAPTOP-6IDCVRKE\Admin
2025-06-13 01:19:21,717 INFO Software: PID: 18928, Name: msedge.exe, Username: LAPTOP-6IDCVRKE\Admin
2025-06-13 01:19:21,719 INFO Software: PID: 19240, Name: opera.exe, Username: LAPTOP-6IDCVRKE\Admin
2025-06-13 01:19:21,719 INFO Software: PID: 19412, Name: opera.exe, Username: LAPTOP-6IDCVRKE\Admin
2025-06-13 01:19:21,719 INFO System Monitor: ----------------------------------------
